Flutter crash report; please file at https://github.com/flutter/flutter/issues.

## command

flutter --quiet assemble --depfile G:\Flutter_Course\Projects\quizzler-flutter\build\app\intermediates\flutter\debug/flutter_build.d --output G:\Flutter_Course\Projects\quizzler-flutter\build\app\intermediates\flutter\debug -dTargetFile=G:\Flutter_Course\Projects\quizzler-flutter\lib\main.dart -dTargetPlatform=android -dBuildMode=debug debug_android_application

## exception

FileSystemException: FileSystemException: writeFrom failed, path = '' (OS Error: The pipe is being closed.
, errno = 232)

```
#0      _RandomAccessFile.writeFromSync (dart:io/file_impl.dart:881:7)
#1      _StdConsumer.addStream.<anonymous closure> (dart:io/stdio.dart:310:15)
#2      _rootRunUnary (dart:async/zone.dart:1134:38)
#3      _CustomZone.runUnary (dart:async/zone.dart:1031:19)
#4      _CustomZone.runUnaryGuarded (dart:async/zone.dart:933:7)
#5      _BufferingStreamSubscription._sendData (dart:async/stream_impl.dart:338:11)
#6      _BufferingStreamSubscription._add (dart:async/stream_impl.dart:265:7)
#7      _SyncStreamControllerDispatch._sendData (dart:async/stream_controller.dart:766:19)
#8      _StreamController._add (dart:async/stream_controller.dart:642:7)
#9      _StreamController.add (dart:async/stream_controller.dart:588:5)
#10     _StreamSinkImpl.add (dart:io/io_sink.dart:158:17)
#11     _IOSinkImpl.write (dart:io/io_sink.dart:291:5)
#12     _IOSinkImpl.writeln (dart:io/io_sink.dart:311:5)
#13     _StdSink.writeln (dart:io/stdio.dart:343:11)
#14     StdoutLogger.printError (package:flutter_tools/src/base/logger.dart:180:12)
#15     printError (package:flutter_tools/src/globals.dart:32:10)
#16     SourceVisitor.visitDepfile (package:flutter_tools/src/build_system/source.dart:59:7)
#17     List.forEach (dart:core-patch/growable_array.dart:285:8)
#18     Target._resolveConfiguration (package:flutter_tools/src/build_system/build_system.dart:236:14)
#19     Target.resolveOutputs (package:flutter_tools/src/build_system/build_system.dart:192:12)
#20     Target._toNode (package:flutter_tools/src/build_system/build_system.dart:136:39)
#21     Target._toNode (package:flutter_tools/src/build_system/build_system.dart:142:52)
#22     BuildSystem.build (package:flutter_tools/src/build_system/build_system.dart:420:30)
#23     AssembleCommand.runCommand (package:flutter_tools/src/commands/assemble.dart:170:50)
#24     FlutterCommand.verifyThenRunCommand (package:flutter_tools/src/runner/flutter_command.dart:615:18)
<asynchronous suspension>
#25     FlutterCommand.run.<anonymous closure> (package:flutter_tools/src/runner/flutter_command.dart:515:33)
<asynchronous suspension>
#26     AppContext.run.<anonymous closure> (package:flutter_tools/src/base/context.dart:146:29)
#27     _rootRun (dart:async/zone.dart:1126:13)
#28     _CustomZone.run (dart:async/zone.dart:1023:19)
#29     _runZoned (dart:async/zone.dart:1518:10)
#30     runZoned (dart:async/zone.dart:1465:12)
#31     AppContext.run (package:flutter_tools/src/base/context.dart:145:18)
#32     FlutterCommand.run (package:flutter_tools/src/runner/flutter_command.dart:505:20)
#33     CommandRunner.runCommand (package:args/command_runner.dart:197:27)
#34     FlutterCommandRunner.runCommand.<anonymous closure> (package:flutter_tools/src/runner/flutter_command_runner.dart:413:21)
<asynchronous suspension>
#35     AppContext.run.<anonymous closure> (package:flutter_tools/src/base/context.dart:146:29)
#36     _rootRun (dart:async/zone.dart:1126:13)
#37     _CustomZone.run (dart:async/zone.dart:1023:19)
#38     _runZoned (dart:async/zone.dart:1518:10)
#39     runZoned (dart:async/zone.dart:1465:12)
#40     AppContext.run (package:flutter_tools/src/base/context.dart:145:18)
#41     FlutterCommandRunner.runCommand (package:flutter_tools/src/runner/flutter_command_runner.dart:364:19)
#42     CommandRunner.run.<anonymous closure> (package:args/command_runner.dart:112:25)
#43     new Future.sync (dart:async/future.dart:224:31)
#44     CommandRunner.run (package:args/command_runner.dart:112:14)
#45     FlutterCommandRunner.run (package:flutter_tools/src/runner/flutter_command_runner.dart:250:18)
#46     run.<anonymous closure>.<anonymous closure> (package:flutter_tools/runner.dart:63:22)
#47     _rootRun (dart:async/zone.dart:1126:13)
#48     _CustomZone.run (dart:async/zone.dart:1023:19)
#49     _runZoned (dart:async/zone.dart:1518:10)
#50     runZoned (dart:async/zone.dart:1502:12)
#51     run.<anonymous closure> (package:flutter_tools/runner.dart:61:18)
<asynchronous suspension>
#52     AppContext.run.<anonymous closure> (package:flutter_tools/src/base/context.dart:146:29)
#53     _rootRun (dart:async/zone.dart:1126:13)
#54     _CustomZone.run (dart:async/zone.dart:1023:19)
#55     _runZoned (dart:async/zone.dart:1518:10)
#56     runZoned (dart:async/zone.dart:1465:12)
#57     AppContext.run (package:flutter_tools/src/base/context.dart:145:18)
#58     runInContext (package:flutter_tools/src/context_runner.dart:64:24)
#59     run (package:flutter_tools/runner.dart:50:10)
#60     main (package:flutter_tools/executable.dart:65:9)
#61     main (file:///C:/b/s/w/ir/k/archive/flutter/packages/flutter_tools/bin/flutter_tools.dart:8:3)
#62     _startIsolate.<anonymous closure> (dart:isolate-patch/isolate_patch.dart:305:32)
#63     _RawReceivePortImpl._handleMessage (dart:isolate-patch/isolate_patch.dart:174:12)
```

## flutter doctor

```
[✓] Flutter (Channel stable, v1.12.13+hotfix.9, on Microsoft Windows [Version 10.0.18363.720], locale en-IN)
    • Flutter version 1.12.13+hotfix.9 at C:\src\flutter
    • Framework revision f139b11009 (5 weeks ago), 2020-03-30 13:57:30 -0700
    • Engine revision af51afceb8
    • Dart version 2.7.2

[!] Android toolchain - develop for Android devices (Android SDK version 29.0.2)
    • Android SDK at C:\Users\LENOVO\AppData\Local\Android\sdk
    • Android NDK location not configured (optional; useful for native profiling support)
    • Platform android-29, build-tools 29.0.2
    • Java binary at: C:\Program Files\Android\Android Studio\jre\bin\java
    • Java version OpenJDK Runtime Environment (build 1.8.0_212-release-1586-b04)
    ! Some Android licenses not accepted.  To resolve this, run: flutter doctor --android-licenses

[✓] Android Studio (version 3.6)
    • Android Studio at C:\Program Files\Android\Android Studio
    • Flutter plugin version 45.1.1
    • Dart plugin version 192.7761
    • Java version OpenJDK Runtime Environment (build 1.8.0_212-release-1586-b04)

[!] IntelliJ IDEA Ultimate Edition (version 2019.3)
    • IntelliJ at C:\Program Files\JetBrains\IntelliJ IDEA 2019.3.2
    ✗ Flutter plugin not installed; this adds Flutter specific functionality.
    ✗ Dart plugin not installed; this adds Dart specific functionality.
    • For information about installing plugins, see
      https://flutter.dev/intellij-setup/#installing-the-plugins

[!] VS Code, 64-bit edition (version 1.44.2)
    • VS Code at C:\Program Files\Microsoft VS Code
    ✗ Flutter extension not installed; install from
      https://marketplace.visualstudio.com/items?itemName=Dart-Code.flutter

[✓] Connected device (1 available)
    • Redmi Note 4 • cf661bb09904 • android-arm64 • Android 7.0 (API 24)

! Doctor found issues in 3 categories.
```
